SSH_AGENT_PID=3333
LC_MONETARY=en_US.UTF-8
GLADE_PIXMAP_PATH=:
XDG_MENU_PREFIX=xfce-
SHELL=/usr/local/bin/bash
TERM=xterm
XDG_SESSION_COOKIE=6ab1184396917bf9401507a0569d5223-1453427049.905529-1461996136
GOBIN=/home/rhinofly/go/bin
LC_NUMERIC=en_US.UTF-8
WINDOWID=41943044
QTDIR=/usr/local/share/qt5/
GNOME_KEYRING_CONTROL=/home/rhinofly/.cache/keyring-IIY1BY
LC_ALL=en_US.UTF-8
USER=rhinofly
GOROOT_BOOTSTRAP=/home/rhinofly/bootstrap.go1.5.3.freebsd-amd64
LD_LIBRARY_PATH=/home/rhinofly/liteide/bin/:/home/rhinofly/liteide/lib/liteide/plugins/:/usr/local/lib/qt4/:/usr/local/lib/qt5/:/usr/local/lib/qt5/:/usr/local/lib/qt5/
GLADE_MODULE_PATH=:
SSH_AUTH_SOCK=/tmp/ssh-nUkspTD9V9RU/agent.3326
USERNAME=rhinofly
SESSION_MANAGER=local/freebsd-i5-box.localdomain:/tmp/.ICE-unix/3339
XDG_CONFIG_DIRS=/etc/xdg:/usr/local/etc/xdg
DESKTOP_SESSION=xfce
PATH=/home/rhinofly/bin:/home/rhinofly/go/bin:/home/rhinofly/go/external/:/home/rhinofly/golibs/bin/:/home/rhinofly/.vim-go/:/home/rhinofly/liteide/bin:/usr/local/sbin:/usr/local/bin:/usr/sbin:/usr/bin:/sbin:/bin:/home/rhinofly/fmk
LC_MESSAGES=en_US.UTF-8
QT_IM_MODULE=fcitx
LC_COLLATE=en_US.UTF-8
PWD=/usr/home/rhinofly/data/liteide/build
XDG_SESSION_TYPE=x11
XMODIFIERS=@im=fcitx
GOARCH=amd64
LANG=en_US.UTF-8
GDMSESSION=xfce
CGO_ENABLED=1
HOME=/home/rhinofly
SHLVL=2
GOROOT=/home/rhinofly/go
SSHPASS=admin
LOGNAME=rhinofly
XDG_SESSION_DESKTOP=xfce
LC_CTYPE=en_US.UTF-8
DBUS_SESSION_BUS_ADDRESS=unix:path=/tmp/dbus-ZSdMaPxPvQ,guid=0e0e79ac943e9562c3d46a7456a1896c
XDG_DATA_DIRS=/usr/local/share:/usr/share
GOPATH=/home/rhinofly/go/external/:/home/rhinofly/golibs/
WINDOWPATH=9
DISPLAY=:0.0
GTK3_IM_MODULE=fcitx
GLADE_CATALOG_PATH=:
GTK_IM_MODULE=fcitx
XDG_CURRENT_DESKTOP=XFCE
LC_TIME=en_US.UTF-8
XAUTHORITY=/var/run/gdm/auth-for-rhinofly-71JEmx/database
COLORTERM=xfce4-terminal
_=/usr/bin/env
PATH=/home/rhinofly/bin:/home/rhinofly/go/bin:/home/rhinofly/go/external/:/home/rhinofly/golibs/bin/:/home/rhinofly/.vim-go/:/home/rhinofly/liteide/bin:/usr/local/sbin:/usr/local/bin:/usr/sbin:/usr/bin:/sbin:/bin:/home/rhinofly/fmk
LD_LIBRARY_PATH=/home/rhinofly/liteide/bin/:/home/rhinofly/liteide/lib/liteide/plugins/:/usr/local/lib/qt4/:/usr/local/lib/qt5/:/usr/local/lib/qt5/:/usr/local/lib/qt5/
GOPATH=/home/rhinofly/go/external/:/home/rhinofly/golibs/::/usr/home/rhinofly/data/liteide/build
rhinofly@freebsd-i5-box:/usr/home/rhinofly/data/liteide/build$ libpng warning: iCCP: profile 'ICC profile': 'GRAY': Gray color space not permitted on RGB PNG
PluginManager::loadPlugins/usr/home/rhinofly/liteide/lib/liteide/plugins/libfilebrowser.so

PluginManager::loadPlugins/usr/home/rhinofly/liteide/lib/liteide/plugins/libgdbdebugger.so

PluginManager::loadPlugins/usr/home/rhinofly/liteide/lib/liteide/plugins/libgolangast.so

PluginManager::loadPlugins/usr/home/rhinofly/liteide/lib/liteide/plugins/libgolangcode.so

PluginManager::loadPlugins/usr/home/rhinofly/liteide/lib/liteide/plugins/libgolangdoc.so



