rhinofly@freebsd-i5-box:/usr/home/rhinofly/data/liteide/build$ gdb710 --core=./liteide.core ~/liteide/bin/liteide
GNU gdb (GDB) 7.10 [GDB v7.10 for FreeBSD]
Copyright (C) 2015 Free Software Foundation, Inc.
License GPLv3+: GNU GPL version 3 or later <http://gnu.org/licenses/gpl.html>
This is free software: you are free to change and redistribute it.
There is NO WARRANTY, to the extent permitted by law.  Type "show copying"
and "show warranty" for details.
This GDB was configured as "x86_64-portbld-freebsd10.1".
Type "show configuration" for configuration details.
For bug reporting instructions, please see:
<http://www.gnu.org/software/gdb/bugs/>.
Find the GDB manual and other documentation resources online at:
<http://www.gnu.org/software/gdb/documentation/>.
For help, type "help".
Type "apropos word" to search for commands related to "word"...
Reading symbols from /home/rhinofly/liteide/bin/liteide...done.
[New process 101841]
[New process 101827]
[New process 101716]
[New process 100719]
[New process 100718]
[New process 100375]
[New Thread 80ac0d800 (LWP 101827)]
[New Thread 80ac0d400 (LWP 101716)]
[New Thread 80ac0d000 (LWP 100719)]
[New Thread 80ac0cc00 (LWP 100718)]
[New Thread 80ac06c00 (LWP 100375)]
[New Thread 80ac06400 (LWP 101841)]
Core was generated by `liteide'.
Program terminated with signal SIGSEGV, Segmentation fault.
#0  0x0000000000000000 in ?? ()
[Current thread is 6 (Thread 80ac06400 (LWP 101841))]
(gdb) bt
#0  0x0000000000000000 in ?? ()
#1  0x0000000802b708c8 in __cxxabiv1::__dynamic_cast (src_ptr=0x802e1c1c0 <(anonymous namespace)::ctype_c>, src_type=0x802e00fb0 <typeinfo for std::locale::facet>, 
    dst_type=0x802e00d40 <typeinfo for std::ctype<char>>, src2dst=0) at ../../.././../gcc-4.8.5/libstdc++-v3/libsupc++/dyncast.cc:72
#2  0x0000000802b9c650 in std::has_facet<std::ctype<char> > (__loc=...) at /wrkdirs/usr/ports/lang/gcc/work/build/x86_64-portbld-freebsd10.1/libstdc++-v3/include/bits/locale_classes.tcc:110
#3  0x0000000802b91634 in std::basic_ios<char, std::char_traits<char> >::_M_cache_locale (this=this@entry=0x802e1aea8 <std::cout+8>, __loc=...)
    at /wrkdirs/usr/ports/lang/gcc/work/build/x86_64-portbld-freebsd10.1/libstdc++-v3/include/bits/basic_ios.tcc:159
#4  0x0000000802b91780 in std::basic_ios<char, std::char_traits<char> >::init (this=this@entry=0x802e1aea8 <std::cout+8>, __sb=0x802e1a780 <__gnu_internal::buf_cout_sync>)
    at /wrkdirs/usr/ports/lang/gcc/work/build/x86_64-portbld-freebsd10.1/libstdc++-v3/include/bits/basic_ios.tcc:132
#5  0x0000000802b83b91 in std::basic_ostream<char, std::char_traits<char> >::basic_ostream (__sb=<optimized out>, this=<optimized out>, __in_chrg=<optimized out>, 
    __vtt_parm=<optimized out>) at /wrkdirs/usr/ports/lang/gcc/work/build/x86_64-portbld-freebsd10.1/libstdc++-v3/include/ostream:85
#6  std::ios_base::Init::Init (this=<optimized out>) at ../../../.././../gcc-4.8.5/libstdc++-v3/src/c++98/ios_init.cc:91
#7  0x00000008156f4838 in __static_initialization_and_destruction_0 (__initialize_p=1, __priority=65535) at /usr/local/lib/gcc48/include/c++/iostream:74
#8  0x00000008156f486a in _GLOBAL__sub_I_parser.cpp(void) () at /usr/home/rhinofly/data/liteide/liteidex/src/3rdparty/qjson/src/parser.cpp:125
#9  0x0000000800604b77 in ?? () from /libexec/ld-elf.so.1
#10 0x0000000800609437 in ?? () from /libexec/ld-elf.so.1
#11 0x0000000800605ea0 in ?? () from /libexec/ld-elf.so.1
#12 0x0000000802443ce2 in ?? () from /usr/local/lib/libQt5Core.so.5
#13 0x000000080243dc36 in ?? () from /usr/local/lib/libQt5Core.so.5
#14 0x000000080243dfc9 in ?? () from /usr/local/lib/libQt5Core.so.5
#15 0x0000000802436422 in QPluginLoader::instance() () from /usr/local/lib/libQt5Core.so.5
#16 0x00000008008cc84d in PluginManager::loadPlugins (this=0x800bb12e0 <LiteApp::pluginManager()::manager>, dir=...) at ../../../liteidex/src/liteapp/pluginmanager.cpp:71
#17 0x00000008008a80b7 in LiteApp::loadPlugins (this=0x80ac1b300) at ../../../liteidex/src/liteapp/liteapp.cpp:579
#18 0x00000008008a67de in LiteApp::load (this=0x80ac1b300, bUseSession=true, baseApp=0x0) at ../../../liteidex/src/liteapp/liteapp.cpp:288
#19 0x00000008008a43d9 in LiteApp::NewApplication (loadSession=true, baseApp=0x0) at ../../../liteidex/src/liteapp/liteapp.cpp:110
#20 0x00000008008a007e in liteapp_main (argc=1, argv=0x7fffffffe490) at ../../../liteidex/src/liteapp/main.cpp:132
#21 0x00000008008a0a9a in cdrv_main (argc=1, argv=0x7fffffffe490) at ../../../liteidex/src/liteapp/main.cpp:159
#22 0x000000000040092a in main (argc=1, argv=0x7fffffffe490) at ../../../liteidex/src/liteide/main.cpp:41
(gdb) 
